<?xml version="1.0" encoding="UTF-8"?>
<robot generator="Robot 7.2.2 (Python 3.9.6 on darwin)" generated="2025-02-26T21:31:34.050362" rpa="false" schemaversion="5">
<suite id="s1" name="Test" source="/Users/mac/Documents/robot-tests/test.robot">
<test id="s1-t1" name="Open Google And Search" line="5">
<kw name="Open Browser" owner="SeleniumLibrary">
<msg time="2025-02-26T21:31:34.143789" level="INFO">Opening browser 'chrome' to base url 'https://www.google.com'.</msg>
<arg>https://www.google.com</arg>
<arg>chrome</arg>
<doc>Opens a new browser instance to the optional ``url``.</doc>
<status status="PASS" start="2025-02-26T21:31:34.143666" elapsed="2.721279"/>
</kw>
<kw name="Input Text" owner="SeleniumLibrary">
<msg time="2025-02-26T21:31:36.866110" level="INFO">Typing text 'Robot Framework' into text field 'name=q'.</msg>
<arg>name=q</arg>
<arg>Robot Framework</arg>
<doc>Types the given ``text`` into the text field identified by ``locator``.</doc>
<status status="PASS" start="2025-02-26T21:31:36.865612" elapsed="0.096991"/>
</kw>
<kw name="Press Keys" owner="SeleniumLibrary">
<msg time="2025-02-26T21:31:36.963477" level="INFO">Sending key(s) ('ENTER',) to name=q element.</msg>
<msg time="2025-02-26T21:31:37.234816" level="INFO">Pressing special key ENTER to element.</msg>
<msg time="2025-02-26T21:31:37.234939" level="INFO">Releasing special key ENTER.</msg>
<arg>name=q</arg>
<arg>ENTER</arg>
<doc>Simulates the user pressing key(s) to an element or on the active browser.</doc>
<status status="PASS" start="2025-02-26T21:31:36.963122" elapsed="1.214719"/>
</kw>
<kw name="Sleep" owner="BuiltIn">
<msg time="2025-02-26T21:31:40.179145" level="INFO">Slept 2 seconds.</msg>
<arg>2s</arg>
<doc>Pauses the test executed for the given time.</doc>
<status status="PASS" start="2025-02-26T21:31:38.178047" elapsed="2.001694"/>
</kw>
<kw name="Close Browser" owner="SeleniumLibrary">
<doc>Closes the current browser.</doc>
<status status="PASS" start="2025-02-26T21:31:40.180820" elapsed="0.084445"/>
</kw>
<status status="PASS" start="2025-02-26T21:31:34.143059" elapsed="6.122468"/>
</test>
<status status="PASS" start="2025-02-26T21:31:34.050982" elapsed="6.214875"/>
</suite>
<statistics>
<total>
<stat pass="1" fail="0" skip="0">All Tests</stat>
</total>
<tag>
</tag>
<suite>
<stat name="Test" id="s1" pass="1" fail="0" skip="0">Test</stat>
</suite>
</statistics>
<errors>
</errors>
</robot>
