<?xml version="1.0" encoding="UTF-8"?>
<robot generator="Robot 7.2.2 (Python 3.9.6 on darwin)" generated="2025-02-26T21:37:43.880796" rpa="false" schemaversion="5">
<suite id="s1" name="Test" source="/Users/mac/Documents/robot-tests/test.robot">
<test id="s1-t1" name="Open Google And Search" line="5">
<kw name="Open Browser" owner="SeleniumLibrary">
<msg time="2025-02-26T21:37:43.968919" level="INFO">Opening browser 'chrome' to base url 'https://www.google.com'.</msg>
<arg>https://www.google.com</arg>
<arg>chrome</arg>
<doc>Opens a new browser instance to the optional ``url``.</doc>
<status status="PASS" start="2025-02-26T21:37:43.968764" elapsed="1.642623"/>
</kw>
<kw name="Input Text" owner="SeleniumLibrary">
<msg time="2025-02-26T21:37:45.612241" level="INFO">Typing text 'Robot Framework' into text field 'name=q'.</msg>
<arg>name=q</arg>
<arg>Robot Framework</arg>
<doc>Types the given ``text`` into the text field identified by ``locator``.</doc>
<status status="PASS" start="2025-02-26T21:37:45.611812" elapsed="0.095070"/>
</kw>
<kw name="Press Keys" owner="SeleniumLibrary">
<msg time="2025-02-26T21:37:45.707744" level="INFO">Sending key(s) ('ENTER',) to name=q element.</msg>
<msg time="2025-02-26T21:37:45.985484" level="INFO">Pressing special key ENTER to element.</msg>
<msg time="2025-02-26T21:37:45.985609" level="INFO">Releasing special key ENTER.</msg>
<arg>name=q</arg>
<arg>ENTER</arg>
<doc>Simulates the user pressing key(s) to an element or on the active browser.</doc>
<status status="PASS" start="2025-02-26T21:37:45.707471" elapsed="1.374237"/>
</kw>
<kw name="Sleep" owner="BuiltIn">
<msg time="2025-02-26T21:37:49.082681" level="INFO">Slept 2 seconds.</msg>
<arg>2s</arg>
<doc>Pauses the test executed for the given time.</doc>
<status status="PASS" start="2025-02-26T21:37:47.081900" elapsed="2.001284"/>
</kw>
<kw name="Close Browser" owner="SeleniumLibrary">
<doc>Closes the current browser.</doc>
<status status="PASS" start="2025-02-26T21:37:49.084016" elapsed="0.082627"/>
</kw>
<status status="PASS" start="2025-02-26T21:37:43.967993" elapsed="5.198833"/>
</test>
<status status="PASS" start="2025-02-26T21:37:43.881419" elapsed="5.285686"/>
</suite>
<statistics>
<total>
<stat pass="1" fail="0" skip="0">All Tests</stat>
</total>
<tag>
</tag>
<suite>
<stat name="Test" id="s1" pass="1" fail="0" skip="0">Test</stat>
</suite>
</statistics>
<errors>
</errors>
</robot>
